!SESSION 2019-12-19 14:22:01.174 -----------------------------------------------
eclipse.buildId=4.13.0.I20190916-1045
java.version=13
java.vendor=Oracle Corporation
BootLoader constants: OS=macosx, ARCH=x86_64, WS=cocoa, NL=en_US
Framework arguments:  -product org.eclipse.epp.package.jee.product -keyring /Users/hung/.eclipse_keyring
Command-line arguments:  -os macosx -ws cocoa -arch x86_64 -product org.eclipse.epp.package.jee.product -keyring /Users/hung/.eclipse_keyring

!ENTRY org.eclipse.epp.logging.aeri.ide 2 0 2019-12-19 14:22:22.236
!MESSAGE Could not resolve module: org.eclipse.epp.logging.aeri.ide [322]
  Unresolved requirement: Import-Package: org.apache.lucene.document; version="[7.1.0,8.0.0)"


!ENTRY org.eclipse.osgi 4 0 2019-12-19 14:22:22.237
!MESSAGE Application error
!STACK 1
org.eclipse.swt.SWTException: Device is disposed
	at org.eclipse.swt.SWT.error(SWT.java:4711)
	at org.eclipse.swt.SWT.error(SWT.java:4626)
	at org.eclipse.swt.SWT.error(SWT.java:4597)
	at org.eclipse.swt.widgets.Display.error(Display.java:1112)
	at org.eclipse.swt.widgets.Display.checkDevice(Display.java:647)
	at org.eclipse.swt.widgets.Display.getData(Display.java:1477)
	at org.eclipse.ui.internal.WorkbenchPlugin.unsetSplashShell(WorkbenchPlugin.java:1214)
	at org.eclipse.ui.internal.ide.application.IDEApplication.start(IDEApplication.java:142)
	at org.eclipse.equinox.internal.app.EclipseAppHandle.run(EclipseAppHandle.java:203)
	at org.eclipse.core.runtime.internal.adaptor.EclipseAppLauncher.runApplication(EclipseAppLauncher.java:137)
	at org.eclipse.core.runtime.internal.adaptor.EclipseAppLauncher.start(EclipseAppLauncher.java:107)
	at org.eclipse.core.runtime.adaptor.EclipseStarter.run(EclipseStarter.java:400)
	at org.eclipse.core.runtime.adaptor.EclipseStarter.run(EclipseStarter.java:255)
	at java.base/jdk.internal.reflect.NativeMethodAccessorImpl.invoke0(Native Method)
	at java.base/jdk.internal.reflect.NativeMethodAccessorImpl.invoke(NativeMethodAccessorImpl.java:62)
	at java.base/jdk.internal.reflect.DelegatingMethodAccessorImpl.invoke(DelegatingMethodAccessorImpl.java:43)
	at java.base/java.lang.reflect.Method.invoke(Method.java:567)
	at org.eclipse.equinox.launcher.Main.invokeFramework(Main.java:660)
	at org.eclipse.equinox.launcher.Main.basicRun(Main.java:597)
	at org.eclipse.equinox.launcher.Main.run(Main.java:1468)
